myHadoop: Setting MH_IPOIB_TRANSFORM='s/\([^.]*\).*$/\1.ibnet/' from myhadoop.conf
myHadoop: Setting MH_SCRATCH_DIR=/scratch/$USER/$SLURM_JOBID from myhadoop.conf
myHadoop: Using HADOOP_HOME=/opt/hadoop/2.6.0
myHadoop: Using MH_SCRATCH_DIR=/scratch/sdeshmuk/12738185
myHadoop: Using JAVA_HOME=/usr/java/latest
myHadoop: Generating Hadoop configuration in directory in /home/sdeshmuk/cometcluster...
myHadoop: Backing up old config dir to /home/sdeshmuk/cometcluster.15...
`/home/sdeshmuk/cometcluster' -> `/home/sdeshmuk/cometcluster.15'
myHadoop: Designating comet-02-16.ibnet as master node (namenode, secondary namenode, and jobtracker)
myHadoop: The following nodes will be slaves (datanode, tasktracer):
comet-02-16.ibnet
comet-07-69.ibnet
comet-26-50.ibnet
17/11/21 14:59:46 INFO namenode.NameNode: STARTUP_MSG: 
/************************************************************
STARTUP_MSG: Starting NameNode
STARTUP_MSG:   host = comet-02-16.sdsc.edu/198.202.118.36
STARTUP_MSG:   args = [-format]
STARTUP_MSG:   version = 2.6.0
STARTUP_MSG:   classpath = /home/sdeshmuk/cometcluster:/opt/hadoop/2.6.0/share/hadoop/common/lib/htrace-core-3.0.4.jar:/opt/hadoop/2.6.0/share/hadoop/common/lib/commons-el-1.0.jar:/opt/hadoop/2.6.0/share/hadoop/common/lib/paranamer-2.3.jar:/opt/hadoop/2.6.0/share/hadoop/common/lib/commons-logging-1.1.3.jar:/opt/hadoop/2.6.0/share/hadoop/common/lib/jaxb-api-2.2.2.jar:/opt/hadoop/2.6.0/share/hadoop/common/lib/asm-3.2.jar:/opt/hadoop/2.6.0/share/hadoop/common/lib/jersey-json-1.9.jar:/opt/hadoop/2.6.0/share/hadoop/common/lib/junit-4.11.jar:/opt/hadoop/2.6.0/share/hadoop/common/lib/servlet-api-2.5.jar:/opt/hadoop/2.6.0/share/hadoop/common/lib/jsch-0.1.42.jar:/opt/hadoop/2.6.0/share/hadoop/common/lib/httpclient-4.2.5.jar:/opt/hadoop/2.6.0/share/hadoop/common/lib/zookeeper-3.4.6.jar:/opt/hadoop/2.6.0/share/hadoop/common/lib/commons-beanutils-1.7.0.jar:/opt/hadoop/2.6.0/share/hadoop/common/lib/commons-digester-1.8.jar:/opt/hadoop/2.6.0/share/hadoop/common/lib/commons-collections-3.2.1.jar:/opt/hadoop/2.6.0/share/hadoop/common/lib/jasper-runtime-5.5.23.jar:/opt/hadoop/2.6.0/share/hadoop/common/lib/commons-math3-3.1.1.jar:/opt/hadoop/2.6.0/share/hadoop/common/lib/log4j-1.2.17.jar:/opt/hadoop/2.6.0/share/hadoop/common/lib/stax-api-1.0-2.jar:/opt/hadoop/2.6.0/share/hadoop/common/lib/jets3t-0.9.0.jar:/opt/hadoop/2.6.0/share/hadoop/common/lib/jackson-xc-1.9.13.jar:/opt/hadoop/2.6.0/share/hadoop/common/lib/commons-net-3.1.jar:/opt/hadoop/2.6.0/share/hadoop/common/lib/jsp-api-2.1.jar:/opt/hadoop/2.6.0/share/hadoop/common/lib/jsr305-1.3.9.jar:/opt/hadoop/2.6.0/share/hadoop/common/lib/jasper-compiler-5.5.23.jar:/opt/hadoop/2.6.0/share/hadoop/common/lib/apacheds-kerberos-codec-2.0.0-M15.jar:/opt/hadoop/2.6.0/share/hadoop/common/lib/netty-3.6.2.Final.jar:/opt/hadoop/2.6.0/share/hadoop/common/lib/guava-11.0.2.jar:/opt/hadoop/2.6.0/share/hadoop/common/lib/mockito-all-1.8.5.jar:/opt/hadoop/2.6.0/share/hadoop/common/lib/xmlenc-0.52.jar:/opt/hadoop/2.6.0/share/hadoop/common/lib/api-util-1.0.0-M20.jar:/opt/hadoop/2.6.0/share/hadoop/common/lib/commons-beanutils-core-1.8.0.jar:/opt/hadoop/2.6.0/share/hadoop/common/lib/slf4j-api-1.7.5.jar:/opt/hadoop/2.6.0/share/hadoop/common/lib/commons-lang-2.6.jar:/opt/hadoop/2.6.0/share/hadoop/common/lib/slf4j-log4j12-1.7.5.jar:/opt/hadoop/2.6.0/share/hadoop/common/lib/jersey-core-1.9.jar:/opt/hadoop/2.6.0/share/hadoop/common/lib/jaxb-impl-2.2.3-1.jar:/opt/hadoop/2.6.0/share/hadoop/common/lib/jettison-1.1.jar:/opt/hadoop/2.6.0/share/hadoop/common/lib/activation-1.1.jar:/opt/hadoop/2.6.0/share/hadoop/common/lib/hadoop-annotations-2.6.0.jar:/opt/hadoop/2.6.0/share/hadoop/common/lib/hamcrest-core-1.3.jar:/opt/hadoop/2.6.0/share/hadoop/common/lib/curator-framework-2.6.0.jar:/opt/hadoop/2.6.0/share/hadoop/common/lib/curator-recipes-2.6.0.jar:/opt/hadoop/2.6.0/share/hadoop/common/lib/httpcore-4.2.5.jar:/opt/hadoop/2.6.0/share/hadoop/common/lib/jackson-mapper-asl-1.9.13.jar:/opt/hadoop/2.6.0/share/hadoop/common/lib/jackson-core-asl-1.9.13.jar:/opt/hadoop/2.6.0/share/hadoop/common/lib/gson-2.2.4.jar:/opt/hadoop/2.6.0/share/hadoop/common/lib/jetty-util-6.1.26.jar:/opt/hadoop/2.6.0/share/hadoop/common/lib/java-xmlbuilder-0.4.jar:/opt/hadoop/2.6.0/share/hadoop/common/lib/commons-io-2.4.jar:/opt/hadoop/2.6.0/share/hadoop/common/lib/commons-cli-1.2.jar:/opt/hadoop/2.6.0/share/hadoop/common/lib/protobuf-java-2.5.0.jar:/opt/hadoop/2.6.0/share/hadoop/common/lib/jackson-jaxrs-1.9.13.jar:/opt/hadoop/2.6.0/share/hadoop/common/lib/commons-codec-1.4.jar:/opt/hadoop/2.6.0/share/hadoop/common/lib/apacheds-i18n-2.0.0-M15.jar:/opt/hadoop/2.6.0/share/hadoop/common/lib/jersey-server-1.9.jar:/opt/hadoop/2.6.0/share/hadoop/common/lib/commons-compress-1.4.1.jar:/opt/hadoop/2.6.0/share/hadoop/common/lib/xz-1.0.jar:/opt/hadoop/2.6.0/share/hadoop/common/lib/hadoop-auth-2.6.0.jar:/opt/hadoop/2.6.0/share/hadoop/common/lib/curator-client-2.6.0.jar:/opt/hadoop/2.6.0/share/hadoop/common/lib/commons-httpclient-3.1.jar:/opt/hadoop/2.6.0/share/hadoop/common/lib/api-asn1-api-1.0.0-M20.jar:/opt/hadoop/2.6.0/share/hadoop/common/lib/commons-configuration-1.6.jar:/opt/hadoop/2.6.0/share/hadoop/common/lib/snappy-java-1.0.4.1.jar:/opt/hadoop/2.6.0/share/hadoop/common/lib/jetty-6.1.26.jar:/opt/hadoop/2.6.0/share/hadoop/common/lib/avro-1.7.4.jar:/opt/hadoop/2.6.0/share/hadoop/common/hadoop-common-2.6.0.jar:/opt/hadoop/2.6.0/share/hadoop/common/hadoop-common-2.6.0-tests.jar:/opt/hadoop/2.6.0/share/hadoop/common/hadoop-nfs-2.6.0.jar:/opt/hadoop/2.6.0/share/hadoop/hdfs:/opt/hadoop/2.6.0/share/hadoop/hdfs/lib/htrace-core-3.0.4.jar:/opt/hadoop/2.6.0/share/hadoop/hdfs/lib/commons-el-1.0.jar:/opt/hadoop/2.6.0/share/hadoop/hdfs/lib/commons-logging-1.1.3.jar:/opt/hadoop/2.6.0/share/hadoop/hdfs/lib/asm-3.2.jar:/opt/hadoop/2.6.0/share/hadoop/hdfs/lib/servlet-api-2.5.jar:/opt/hadoop/2.6.0/share/hadoop/hdfs/lib/jasper-runtime-5.5.23.jar:/opt/hadoop/2.6.0/share/hadoop/hdfs/lib/log4j-1.2.17.jar:/opt/hadoop/2.6.0/share/hadoop/hdfs/lib/jsp-api-2.1.jar:/opt/hadoop/2.6.0/share/hadoop/hdfs/lib/jsr305-1.3.9.jar:/opt/hadoop/2.6.0/share/hadoop/hdfs/lib/netty-3.6.2.Final.jar:/opt/hadoop/2.6.0/share/hadoop/hdfs/lib/guava-11.0.2.jar:/opt/hadoop/2.6.0/share/hadoop/hdfs/lib/xmlenc-0.52.jar:/opt/hadoop/2.6.0/share/hadoop/hdfs/lib/commons-lang-2.6.jar:/opt/hadoop/2.6.0/share/hadoop/hdfs/lib/jersey-core-1.9.jar:/opt/hadoop/2.6.0/share/hadoop/hdfs/lib/xml-apis-1.3.04.jar:/opt/hadoop/2.6.0/share/hadoop/hdfs/lib/jackson-mapper-asl-1.9.13.jar:/opt/hadoop/2.6.0/share/hadoop/hdfs/lib/jackson-core-asl-1.9.13.jar:/opt/hadoop/2.6.0/share/hadoop/hdfs/lib/jetty-util-6.1.26.jar:/opt/hadoop/2.6.0/share/hadoop/hdfs/lib/commons-daemon-1.0.13.jar:/opt/hadoop/2.6.0/share/hadoop/hdfs/lib/commons-io-2.4.jar:/opt/hadoop/2.6.0/share/hadoop/hdfs/lib/commons-cli-1.2.jar:/opt/hadoop/2.6.0/share/hadoop/hdfs/lib/protobuf-java-2.5.0.jar:/opt/hadoop/2.6.0/share/hadoop/hdfs/lib/commons-codec-1.4.jar:/opt/hadoop/2.6.0/share/hadoop/hdfs/lib/jersey-server-1.9.jar:/opt/hadoop/2.6.0/share/hadoop/hdfs/lib/xercesImpl-2.9.1.jar:/opt/hadoop/2.6.0/share/hadoop/hdfs/lib/jetty-6.1.26.jar:/opt/hadoop/2.6.0/share/hadoop/hdfs/hadoop-hdfs-nfs-2.6.0.jar:/opt/hadoop/2.6.0/share/hadoop/hdfs/hadoop-hdfs-2.6.0-tests.jar:/opt/hadoop/2.6.0/share/hadoop/hdfs/hadoop-hdfs-2.6.0.jar:/opt/hadoop/2.6.0/share/hadoop/yarn/lib/leveldbjni-all-1.8.jar:/opt/hadoop/2.6.0/share/hadoop/yarn/lib/commons-logging-1.1.3.jar:/opt/hadoop/2.6.0/share/hadoop/yarn/lib/jaxb-api-2.2.2.jar:/opt/hadoop/2.6.0/share/hadoop/yarn/lib/asm-3.2.jar:/opt/hadoop/2.6.0/share/hadoop/yarn/lib/guice-3.0.jar:/opt/hadoop/2.6.0/share/hadoop/yarn/lib/jersey-json-1.9.jar:/opt/hadoop/2.6.0/share/hadoop/yarn/lib/servlet-api-2.5.jar:/opt/hadoop/2.6.0/share/hadoop/yarn/lib/jersey-client-1.9.jar:/opt/hadoop/2.6.0/share/hadoop/yarn/lib/zookeeper-3.4.6.jar:/opt/hadoop/2.6.0/share/hadoop/yarn/lib/commons-collections-3.2.1.jar:/opt/hadoop/2.6.0/share/hadoop/yarn/lib/jline-0.9.94.jar:/opt/hadoop/2.6.0/share/hadoop/yarn/lib/log4j-1.2.17.jar:/opt/hadoop/2.6.0/share/hadoop/yarn/lib/jersey-guice-1.9.jar:/opt/hadoop/2.6.0/share/hadoop/yarn/lib/stax-api-1.0-2.jar:/opt/hadoop/2.6.0/share/hadoop/yarn/lib/jackson-xc-1.9.13.jar:/opt/hadoop/2.6.0/share/hadoop/yarn/lib/jsr305-1.3.9.jar:/opt/hadoop/2.6.0/share/hadoop/yarn/lib/netty-3.6.2.Final.jar:/opt/hadoop/2.6.0/share/hadoop/yarn/lib/guava-11.0.2.jar:/opt/hadoop/2.6.0/share/hadoop/yarn/lib/commons-lang-2.6.jar:/opt/hadoop/2.6.0/share/hadoop/yarn/lib/jersey-core-1.9.jar:/opt/hadoop/2.6.0/share/hadoop/yarn/lib/jaxb-impl-2.2.3-1.jar:/opt/hadoop/2.6.0/share/hadoop/yarn/lib/jettison-1.1.jar:/opt/hadoop/2.6.0/share/hadoop/yarn/lib/activation-1.1.jar:/opt/hadoop/2.6.0/share/hadoop/yarn/lib/jackson-mapper-asl-1.9.13.jar:/opt/hadoop/2.6.0/share/hadoop/yarn/lib/jackson-core-asl-1.9.13.jar:/opt/hadoop/2.6.0/share/hadoop/yarn/lib/jetty-util-6.1.26.jar:/opt/hadoop/2.6.0/share/hadoop/yarn/lib/aopalliance-1.0.jar:/opt/hadoop/2.6.0/share/hadoop/yarn/lib/javax.inject-1.jar:/opt/hadoop/2.6.0/share/hadoop/yarn/lib/commons-io-2.4.jar:/opt/hadoop/2.6.0/share/hadoop/yarn/lib/commons-cli-1.2.jar:/opt/hadoop/2.6.0/share/hadoop/yarn/lib/protobuf-java-2.5.0.jar:/opt/hadoop/2.6.0/share/hadoop/yarn/lib/jackson-jaxrs-1.9.13.jar:/opt/hadoop/2.6.0/share/hadoop/yarn/lib/commons-codec-1.4.jar:/opt/hadoop/2.6.0/share/hadoop/yarn/lib/jersey-server-1.9.jar:/opt/hadoop/2.6.0/share/hadoop/yarn/lib/commons-compress-1.4.1.jar:/opt/hadoop/2.6.0/share/hadoop/yarn/lib/xz-1.0.jar:/opt/hadoop/2.6.0/share/hadoop/yarn/lib/commons-httpclient-3.1.jar:/opt/hadoop/2.6.0/share/hadoop/yarn/lib/jetty-6.1.26.jar:/opt/hadoop/2.6.0/share/hadoop/yarn/lib/guice-servlet-3.0.jar:/opt/hadoop/2.6.0/share/hadoop/yarn/hadoop-yarn-server-resourcemanager-2.6.0.jar:/opt/hadoop/2.6.0/share/hadoop/yarn/hadoop-yarn-server-applicationhistoryservice-2.6.0.jar:/opt/hadoop/2.6.0/share/hadoop/yarn/hadoop-yarn-server-tests-2.6.0.jar:/opt/hadoop/2.6.0/share/hadoop/yarn/hadoop-yarn-common-2.6.0.jar:/opt/hadoop/2.6.0/share/hadoop/yarn/hadoop-yarn-server-nodemanager-2.6.0.jar:/opt/hadoop/2.6.0/share/hadoop/yarn/hadoop-yarn-registry-2.6.0.jar:/opt/hadoop/2.6.0/share/hadoop/yarn/hadoop-yarn-client-2.6.0.jar:/opt/hadoop/2.6.0/share/hadoop/yarn/hadoop-yarn-applications-distributedshell-2.6.0.jar:/opt/hadoop/2.6.0/share/hadoop/yarn/hadoop-yarn-server-web-proxy-2.6.0.jar:/opt/hadoop/2.6.0/share/hadoop/yarn/hadoop-yarn-applications-unmanaged-am-launcher-2.6.0.jar:/opt/hadoop/2.6.0/share/hadoop/yarn/hadoop-yarn-server-common-2.6.0.jar:/opt/hadoop/2.6.0/share/hadoop/yarn/hadoop-yarn-api-2.6.0.jar:/opt/hadoop/2.6.0/share/hadoop/mapreduce/lib/leveldbjni-all-1.8.jar:/opt/hadoop/2.6.0/share/hadoop/mapreduce/lib/paranamer-2.3.jar:/opt/hadoop/2.6.0/share/hadoop/mapreduce/lib/asm-3.2.jar:/opt/hadoop/2.6.0/share/hadoop/mapreduce/lib/guice-3.0.jar:/opt/hadoop/2.6.0/share/hadoop/mapreduce/lib/junit-4.11.jar:/opt/hadoop/2.6.0/share/hadoop/mapreduce/lib/log4j-1.2.17.jar:/opt/hadoop/2.6.0/share/hadoop/mapreduce/lib/jersey-guice-1.9.jar:/opt/hadoop/2.6.0/share/hadoop/mapreduce/lib/netty-3.6.2.Final.jar:/opt/hadoop/2.6.0/share/hadoop/mapreduce/lib/jersey-core-1.9.jar:/opt/hadoop/2.6.0/share/hadoop/mapreduce/lib/hadoop-annotations-2.6.0.jar:/opt/hadoop/2.6.0/share/hadoop/mapreduce/lib/hamcrest-core-1.3.jar:/opt/hadoop/2.6.0/share/hadoop/mapreduce/lib/jackson-mapper-asl-1.9.13.jar:/opt/hadoop/2.6.0/share/hadoop/mapreduce/lib/jackson-core-asl-1.9.13.jar:/opt/hadoop/2.6.0/share/hadoop/mapreduce/lib/aopalliance-1.0.jar:/opt/hadoop/2.6.0/share/hadoop/mapreduce/lib/javax.inject-1.jar:/opt/hadoop/2.6.0/share/hadoop/mapreduce/lib/commons-io-2.4.jar:/opt/hadoop/2.6.0/share/hadoop/mapreduce/lib/protobuf-java-2.5.0.jar:/opt/hadoop/2.6.0/share/hadoop/mapreduce/lib/jersey-server-1.9.jar:/opt/hadoop/2.6.0/share/hadoop/mapreduce/lib/commons-compress-1.4.1.jar:/opt/hadoop/2.6.0/share/hadoop/mapreduce/lib/xz-1.0.jar:/opt/hadoop/2.6.0/share/hadoop/mapreduce/lib/snappy-java-1.0.4.1.jar:/opt/hadoop/2.6.0/share/hadoop/mapreduce/lib/guice-servlet-3.0.jar:/opt/hadoop/2.6.0/share/hadoop/mapreduce/lib/avro-1.7.4.jar:/opt/hadoop/2.6.0/share/hadoop/mapreduce/hadoop-mapreduce-client-jobclient-2.6.0-tests.jar:/opt/hadoop/2.6.0/share/hadoop/mapreduce/hadoop-mapreduce-client-hs-2.6.0.jar:/opt/hadoop/2.6.0/share/hadoop/mapreduce/hadoop-mapreduce-examples-2.6.0.jar:/opt/hadoop/2.6.0/share/hadoop/mapreduce/hadoop-mapreduce-client-app-2.6.0.jar:/opt/hadoop/2.6.0/share/hadoop/mapreduce/hadoop-mapreduce-client-common-2.6.0.jar:/opt/hadoop/2.6.0/share/hadoop/mapreduce/hadoop-mapreduce-client-shuffle-2.6.0.jar:/opt/hadoop/2.6.0/share/hadoop/mapreduce/hadoop-mapreduce-client-hs-plugins-2.6.0.jar:/opt/hadoop/2.6.0/share/hadoop/mapreduce/hadoop-mapreduce-client-core-2.6.0.jar:/opt/hadoop/2.6.0/share/hadoop/mapreduce/hadoop-mapreduce-client-jobclient-2.6.0.jar:/opt/hadoop/2.6.0/contrib/capacity-scheduler/*.jar
STARTUP_MSG:   build = https://git-wip-us.apache.org/repos/asf/hadoop.git -r e3496499ecb8d220fba99dc5ed4c99c8f9e33bb1; compiled by 'jenkins' on 2014-11-13T21:10Z
STARTUP_MSG:   java = 1.8.0_60
************************************************************/
17/11/21 14:59:46 INFO namenode.NameNode: registered UNIX signal handlers for [TERM, HUP, INT]
17/11/21 14:59:46 INFO namenode.NameNode: createNameNode [-format]
17/11/21 14:59:46 WARN util.NativeCodeLoader: Unable to load native-hadoop library for your platform... using builtin-java classes where applicable
17/11/21 14:59:46 WARN common.Util: Path /scratch/sdeshmuk/12738185/namenode_data should be specified as a URI in configuration files. Please update hdfs configuration.
17/11/21 14:59:46 WARN common.Util: Path /scratch/sdeshmuk/12738185/namenode_data should be specified as a URI in configuration files. Please update hdfs configuration.
Formatting using clusterid: CID-47354d2d-0afc-4e5f-8c3c-d590182b05a2
17/11/21 14:59:46 INFO namenode.FSNamesystem: No KeyProvider found.
17/11/21 14:59:46 INFO namenode.FSNamesystem: fsLock is fair:true
17/11/21 14:59:46 INFO blockmanagement.DatanodeManager: dfs.block.invalidate.limit=1000
17/11/21 14:59:46 INFO blockmanagement.DatanodeManager: dfs.namenode.datanode.registration.ip-hostname-check=true
17/11/21 14:59:46 INFO blockmanagement.BlockManager: dfs.namenode.startup.delay.block.deletion.sec is set to 000:00:00:00.000
17/11/21 14:59:46 INFO blockmanagement.BlockManager: The block deletion will start around 2017 Nov 21 14:59:46
17/11/21 14:59:46 INFO util.GSet: Computing capacity for map BlocksMap
17/11/21 14:59:46 INFO util.GSet: VM type       = 64-bit
17/11/21 14:59:46 INFO util.GSet: 2.0% max memory 958.5 MB = 19.2 MB
17/11/21 14:59:46 INFO util.GSet: capacity      = 2^21 = 2097152 entries
17/11/21 14:59:46 INFO blockmanagement.BlockManager: dfs.block.access.token.enable=false
17/11/21 14:59:46 INFO blockmanagement.BlockManager: defaultReplication         = 3
17/11/21 14:59:46 INFO blockmanagement.BlockManager: maxReplication             = 512
17/11/21 14:59:46 INFO blockmanagement.BlockManager: minReplication             = 1
17/11/21 14:59:46 INFO blockmanagement.BlockManager: maxReplicationStreams      = 2
17/11/21 14:59:46 INFO blockmanagement.BlockManager: shouldCheckForEnoughRacks  = false
17/11/21 14:59:46 INFO blockmanagement.BlockManager: replicationRecheckInterval = 3000
17/11/21 14:59:46 INFO blockmanagement.BlockManager: encryptDataTransfer        = false
17/11/21 14:59:46 INFO blockmanagement.BlockManager: maxNumBlocksToLog          = 1000
17/11/21 14:59:46 INFO namenode.FSNamesystem: fsOwner             = sdeshmuk (auth:SIMPLE)
17/11/21 14:59:46 INFO namenode.FSNamesystem: supergroup          = supergroup
17/11/21 14:59:46 INFO namenode.FSNamesystem: isPermissionEnabled = true
17/11/21 14:59:46 INFO namenode.FSNamesystem: HA Enabled: false
17/11/21 14:59:46 INFO namenode.FSNamesystem: Append Enabled: true
17/11/21 14:59:46 INFO util.GSet: Computing capacity for map INodeMap
17/11/21 14:59:46 INFO util.GSet: VM type       = 64-bit
17/11/21 14:59:46 INFO util.GSet: 1.0% max memory 958.5 MB = 9.6 MB
17/11/21 14:59:46 INFO util.GSet: capacity      = 2^20 = 1048576 entries
17/11/21 14:59:46 INFO namenode.NameNode: Caching file names occuring more than 10 times
17/11/21 14:59:46 INFO util.GSet: Computing capacity for map cachedBlocks
17/11/21 14:59:46 INFO util.GSet: VM type       = 64-bit
17/11/21 14:59:46 INFO util.GSet: 0.25% max memory 958.5 MB = 2.4 MB
17/11/21 14:59:46 INFO util.GSet: capacity      = 2^18 = 262144 entries
17/11/21 14:59:46 INFO namenode.FSNamesystem: dfs.namenode.safemode.threshold-pct = 0.9990000128746033
17/11/21 14:59:46 INFO namenode.FSNamesystem: dfs.namenode.safemode.min.datanodes = 0
17/11/21 14:59:46 INFO namenode.FSNamesystem: dfs.namenode.safemode.extension     = 30000
17/11/21 14:59:46 INFO namenode.FSNamesystem: Retry cache on namenode is enabled
17/11/21 14:59:46 INFO namenode.FSNamesystem: Retry cache will use 0.03 of total heap and retry cache entry expiry time is 600000 millis
17/11/21 14:59:46 INFO util.GSet: Computing capacity for map NameNodeRetryCache
17/11/21 14:59:46 INFO util.GSet: VM type       = 64-bit
17/11/21 14:59:46 INFO util.GSet: 0.029999999329447746% max memory 958.5 MB = 294.5 KB
17/11/21 14:59:46 INFO util.GSet: capacity      = 2^15 = 32768 entries
17/11/21 14:59:46 INFO namenode.NNConf: ACLs enabled? false
17/11/21 14:59:46 INFO namenode.NNConf: XAttrs enabled? true
17/11/21 14:59:46 INFO namenode.NNConf: Maximum size of an xattr: 16384
17/11/21 14:59:46 INFO namenode.FSImage: Allocated new BlockPoolId: BP-1059416048-198.202.118.36-1511305186838
17/11/21 14:59:46 INFO common.Storage: Storage directory /scratch/sdeshmuk/12738185/namenode_data has been successfully formatted.
17/11/21 14:59:46 INFO namenode.NNStorageRetentionManager: Going to retain 1 images with txid >= 0
17/11/21 14:59:46 INFO util.ExitUtil: Exiting with status 0
17/11/21 14:59:46 INFO namenode.NameNode: SHUTDOWN_MSG: 
/************************************************************
SHUTDOWN_MSG: Shutting down NameNode at comet-02-16.sdsc.edu/198.202.118.36
************************************************************/
17/11/21 14:59:47 WARN util.NativeCodeLoader: Unable to load native-hadoop library for your platform... using builtin-java classes where applicable
Starting namenodes on [comet-02-16.ibnet]
comet-02-16.ibnet: starting namenode, logging to /scratch/sdeshmuk/12738185/logs/hadoop-sdeshmuk-namenode-comet-02-16.sdsc.edu.out
comet-02-16.ibnet: starting datanode, logging to /scratch/sdeshmuk/12738185/logs/hadoop-sdeshmuk-datanode-comet-02-16.sdsc.edu.out
comet-26-50.ibnet: starting datanode, logging to /scratch/sdeshmuk/12738185/logs/hadoop-sdeshmuk-datanode-comet-26-50.sdsc.edu.out
comet-07-69.ibnet: starting datanode, logging to /scratch/sdeshmuk/12738185/logs/hadoop-sdeshmuk-datanode-comet-07-69.sdsc.edu.out
Starting secondary namenodes [comet-02-16.ibnet]
comet-02-16.ibnet: starting secondarynamenode, logging to /scratch/sdeshmuk/12738185/logs/hadoop-sdeshmuk-secondarynamenode-comet-02-16.sdsc.edu.out
17/11/21 15:00:02 WARN util.NativeCodeLoader: Unable to load native-hadoop library for your platform... using builtin-java classes where applicable
starting yarn daemons
starting resourcemanager, logging to /scratch/sdeshmuk/12738185/logs/yarn-sdeshmuk-resourcemanager-comet-02-16.out
comet-26-50.ibnet: starting nodemanager, logging to /scratch/sdeshmuk/12738185/logs/yarn-sdeshmuk-nodemanager-comet-26-50.sdsc.edu.out
comet-07-69.ibnet: starting nodemanager, logging to /scratch/sdeshmuk/12738185/logs/yarn-sdeshmuk-nodemanager-comet-07-69.sdsc.edu.out
comet-02-16.ibnet: starting nodemanager, logging to /scratch/sdeshmuk/12738185/logs/yarn-sdeshmuk-nodemanager-comet-02-16.sdsc.edu.out
chown: changing ownership of `/tmp': Operation not permitted
starting historyserver, logging to /tmp/mapred-sdeshmuk-historyserver-comet-02-16.out
17/11/21 15:00:06 WARN util.NativeCodeLoader: Unable to load native-hadoop library for your platform... using builtin-java classes where applicable
17/11/21 15:00:07 WARN util.NativeCodeLoader: Unable to load native-hadoop library for your platform... using builtin-java classes where applicable
17/11/21 15:00:09 WARN util.NativeCodeLoader: Unable to load native-hadoop library for your platform... using builtin-java classes where applicable
17/11/21 15:00:12 INFO pig.ExecTypeProvider: Trying ExecType : LOCAL
17/11/21 15:00:12 INFO pig.ExecTypeProvider: Trying ExecType : MAPREDUCE
17/11/21 15:00:12 INFO pig.ExecTypeProvider: Picked MAPREDUCE as the ExecType
2017-11-21 15:00:12,473 [main] INFO  org.apache.pig.Main - Apache Pig version 0.16.0 (r1746530) compiled Jun 01 2016, 23:10:49
2017-11-21 15:00:12,474 [main] INFO  org.apache.pig.Main - Logging error messages to: /home/sdeshmuk/project5/pig_1511305212472.log
2017-11-21 15:00:12,687 [main] WARN  org.apache.hadoop.util.NativeCodeLoader - Unable to load native-hadoop library for your platform... using builtin-java classes where applicable
2017-11-21 15:00:12,777 [main] INFO  org.apache.pig.impl.util.Utils - Default bootup file /home/sdeshmuk/.pigbootup not found
2017-11-21 15:00:12,847 [main] INFO  org.apache.hadoop.conf.Configuration.deprecation - mapred.job.tracker is deprecated. Instead, use mapreduce.jobtracker.address
2017-11-21 15:00:12,847 [main] INFO  org.apache.hadoop.conf.Configuration.deprecation - fs.default.name is deprecated. Instead, use fs.defaultFS
2017-11-21 15:00:12,847 [main] INFO  org.apache.pig.backend.hadoop.executionengine.HExecutionEngine - Connecting to hadoop file system at: hdfs://comet-02-16.ibnet:54310
2017-11-21 15:00:13,163 [main] INFO  org.apache.pig.PigServer - Pig Script ID for the session: PIG-multiply.pig-a86edf89-f1ec-4afb-9e1c-dc3341338e0e
2017-11-21 15:00:13,163 [main] WARN  org.apache.pig.PigServer - ATS is disabled since yarn.timeline-service.enabled set to false
2017-11-21 15:00:13,654 [main] INFO  org.apache.hadoop.conf.Configuration.deprecation - fs.default.name is deprecated. Instead, use fs.defaultFS
2017-11-21 15:00:13,704 [main] INFO  org.apache.hadoop.conf.Configuration.deprecation - fs.default.name is deprecated. Instead, use fs.defaultFS
2017-11-21 15:00:13,772 [main] INFO  org.apache.hadoop.conf.Configuration.deprecation - fs.default.name is deprecated. Instead, use fs.defaultFS
2017-11-21 15:00:13,791 [main] WARN  org.apache.pig.newplan.BaseOperatorPlan - Encountered Warning IMPLICIT_CAST_TO_DOUBLE 2 time(s).
2017-11-21 15:00:13,798 [main] INFO  org.apache.hadoop.conf.Configuration.deprecation - mapred.textoutputformat.separator is deprecated. Instead, use mapreduce.output.textoutputformat.separator
2017-11-21 15:00:13,812 [main] INFO  org.apache.pig.tools.pigstats.ScriptState - Pig features used in the script: HASH_JOIN,GROUP_BY
2017-11-21 15:00:13,832 [main] INFO  org.apache.hadoop.conf.Configuration.deprecation - fs.default.name is deprecated. Instead, use fs.defaultFS
2017-11-21 15:00:13,833 [main] INFO  org.apache.pig.data.SchemaTupleBackend - Key [pig.schematuple] was not set... will not generate code.
2017-11-21 15:00:13,852 [main] INFO  org.apache.pig.newplan.logical.optimizer.LogicalPlanOptimizer - {RULES_ENABLED=[AddForEach, ColumnMapKeyPrune, ConstantCalculator, GroupByConstParallelSetter, LimitOptimizer, LoadTypeCastInserter, MergeFilter, MergeForEach, PartitionFilterOptimizer, PredicatePushdownOptimizer, PushDownForEachFlatten, PushUpFilter, SplitFilter, StreamTypeCastInserter]}
2017-11-21 15:00:13,892 [main] INFO  org.apache.pig.impl.util.SpillableMemoryManager - Selected heap (PS Old Gen) of size 699400192 to monitor. collectionUsageThreshold = 489580128, usageThreshold = 489580128
2017-11-21 15:00:13,933 [main] INFO  org.apache.pig.backend.hadoop.executionengine.mapReduceLayer.MRCompiler - File concatenation threshold: 100 optimistic? false
2017-11-21 15:00:13,952 [main] INFO  org.apache.pig.backend.hadoop.executionengine.util.CombinerOptimizerUtil - Choosing to move algebraic foreach to combiner
2017-11-21 15:00:13,967 [main] INFO  org.apache.pig.backend.hadoop.executionengine.mapReduceLayer.MultiQueryOptimizer - MR plan size before optimization: 2
2017-11-21 15:00:13,967 [main] INFO  org.apache.pig.backend.hadoop.executionengine.mapReduceLayer.MultiQueryOptimizer - MR plan size after optimization: 2
2017-11-21 15:00:13,983 [main] INFO  org.apache.hadoop.conf.Configuration.deprecation - fs.default.name is deprecated. Instead, use fs.defaultFS
2017-11-21 15:00:14,001 [main] INFO  org.apache.hadoop.yarn.client.RMProxy - Connecting to ResourceManager at comet-02-16.ibnet/10.22.255.167:8032
2017-11-21 15:00:14,122 [main] INFO  org.apache.pig.tools.pigstats.mapreduce.MRScriptState - Pig script settings are added to the job
2017-11-21 15:00:14,126 [main] INFO  org.apache.hadoop.conf.Configuration.deprecation - mapred.job.reduce.markreset.buffer.percent is deprecated. Instead, use mapreduce.reduce.markreset.buffer.percent
2017-11-21 15:00:14,126 [main] INFO  org.apache.pig.backend.hadoop.executionengine.mapReduceLayer.JobControlCompiler - mapred.job.reduce.markreset.buffer.percent is not set, set to default 0.3
2017-11-21 15:00:14,126 [main] INFO  org.apache.hadoop.conf.Configuration.deprecation - mapred.output.compress is deprecated. Instead, use mapreduce.output.fileoutputformat.compress
2017-11-21 15:00:14,127 [main] INFO  org.apache.pig.backend.hadoop.executionengine.mapReduceLayer.JobControlCompiler - Reduce phase detected, estimating # of required reducers.
2017-11-21 15:00:14,128 [main] INFO  org.apache.pig.backend.hadoop.executionengine.mapReduceLayer.JobControlCompiler - Using reducer estimator: org.apache.pig.backend.hadoop.executionengine.mapReduceLayer.InputSizeReducerEstimator
2017-11-21 15:00:14,134 [main] INFO  org.apache.pig.backend.hadoop.executionengine.mapReduceLayer.InputSizeReducerEstimator - BytesPerReducer=1000000000 maxReducers=999 totalInputFileSize=249501
2017-11-21 15:00:14,134 [main] INFO  org.apache.pig.backend.hadoop.executionengine.mapReduceLayer.JobControlCompiler - Setting Parallelism to 1
2017-11-21 15:00:14,134 [main] INFO  org.apache.hadoop.conf.Configuration.deprecation - mapred.reduce.tasks is deprecated. Instead, use mapreduce.job.reduces
2017-11-21 15:00:14,134 [main] INFO  org.apache.pig.backend.hadoop.executionengine.mapReduceLayer.JobControlCompiler - This job cannot be converted run in-process
2017-11-21 15:00:14,143 [main] INFO  org.apache.hadoop.conf.Configuration.deprecation - mapred.submit.replication is deprecated. Instead, use mapreduce.client.submit.file.replication
2017-11-21 15:00:14,524 [main] INFO  org.apache.pig.backend.hadoop.executionengine.mapReduceLayer.JobControlCompiler - Added jar file:/oasis/projects/nsf/uot143/fegaras/pig-0.16.0/pig-0.16.0-core-h2.jar to DistributedCache through /tmp/temp-1994188462/tmp666116976/pig-0.16.0-core-h2.jar
2017-11-21 15:00:14,545 [main] INFO  org.apache.pig.backend.hadoop.executionengine.mapReduceLayer.JobControlCompiler - Added jar file:/oasis/projects/nsf/uot143/fegaras/pig-0.16.0/lib/automaton-1.11-8.jar to DistributedCache through /tmp/temp-1994188462/tmp1438859234/automaton-1.11-8.jar
2017-11-21 15:00:14,561 [main] INFO  org.apache.pig.backend.hadoop.executionengine.mapReduceLayer.JobControlCompiler - Added jar file:/oasis/projects/nsf/uot143/fegaras/pig-0.16.0/lib/antlr-runtime-3.4.jar to DistributedCache through /tmp/temp-1994188462/tmp1420243261/antlr-runtime-3.4.jar
2017-11-21 15:00:14,580 [main] INFO  org.apache.pig.backend.hadoop.executionengine.mapReduceLayer.JobControlCompiler - Added jar file:/oasis/projects/nsf/uot143/fegaras/pig-0.16.0/lib/joda-time-2.9.3.jar to DistributedCache through /tmp/temp-1994188462/tmp-129748981/joda-time-2.9.3.jar
2017-11-21 15:00:14,589 [main] INFO  org.apache.pig.backend.hadoop.executionengine.mapReduceLayer.JobControlCompiler - Setting up single store job
2017-11-21 15:00:14,592 [main] INFO  org.apache.pig.data.SchemaTupleFrontend - Key [pig.schematuple] is false, will not generate code.
2017-11-21 15:00:14,592 [main] INFO  org.apache.pig.data.SchemaTupleFrontend - Starting process to move generated code to distributed cacche
2017-11-21 15:00:14,592 [main] INFO  org.apache.pig.data.SchemaTupleFrontend - Setting key [pig.schematuple.classes] with classes to deserialize []
2017-11-21 15:00:14,643 [main] INFO  org.apache.pig.backend.hadoop.executionengine.mapReduceLayer.MapReduceLauncher - 1 map-reduce job(s) waiting for submission.
2017-11-21 15:00:14,644 [main] INFO  org.apache.hadoop.conf.Configuration.deprecation - mapred.job.tracker.http.address is deprecated. Instead, use mapreduce.jobtracker.http.address
2017-11-21 15:00:14,647 [JobControl] INFO  org.apache.hadoop.yarn.client.RMProxy - Connecting to ResourceManager at comet-02-16.ibnet/10.22.255.167:8032
2017-11-21 15:00:14,655 [JobControl] INFO  org.apache.hadoop.conf.Configuration.deprecation - mapred.task.id is deprecated. Instead, use mapreduce.task.attempt.id
2017-11-21 15:00:14,656 [JobControl] INFO  org.apache.hadoop.conf.Configuration.deprecation - fs.default.name is deprecated. Instead, use fs.defaultFS
2017-11-21 15:00:14,788 [JobControl] WARN  org.apache.hadoop.mapreduce.JobSubmitter - No job jar file set.  User classes may not be found. See Job or Job#setJar(String).
2017-11-21 15:00:14,803 [JobControl] INFO  org.apache.pig.builtin.PigStorage - Using PigTextInputFormat
2017-11-21 15:00:14,806 [JobControl] INFO  org.apache.hadoop.mapreduce.lib.input.FileInputFormat - Total input paths to process : 1
2017-11-21 15:00:14,806 [JobControl] INFO  org.apache.pig.backend.hadoop.executionengine.util.MapRedUtil - Total input paths to process : 1
2017-11-21 15:00:14,827 [JobControl] INFO  org.apache.pig.backend.hadoop.executionengine.util.MapRedUtil - Total input paths (combined) to process : 1
2017-11-21 15:00:14,828 [JobControl] INFO  org.apache.pig.builtin.PigStorage - Using PigTextInputFormat
2017-11-21 15:00:14,829 [JobControl] INFO  org.apache.hadoop.mapreduce.lib.input.FileInputFormat - Total input paths to process : 1
2017-11-21 15:00:14,829 [JobControl] INFO  org.apache.pig.backend.hadoop.executionengine.util.MapRedUtil - Total input paths to process : 1
2017-11-21 15:00:14,831 [JobControl] INFO  org.apache.pig.backend.hadoop.executionengine.util.MapRedUtil - Total input paths (combined) to process : 1
2017-11-21 15:00:14,867 [JobControl] INFO  org.apache.hadoop.mapreduce.JobSubmitter - number of splits:2
2017-11-21 15:00:14,951 [JobControl] INFO  org.apache.hadoop.mapreduce.JobSubmitter - Submitting tokens for job: job_1511305203881_0001
2017-11-21 15:00:15,053 [JobControl] INFO  org.apache.hadoop.mapred.YARNRunner - Job jar is not present. Not adding any jar to the list of resources.
2017-11-21 15:00:15,181 [JobControl] INFO  org.apache.hadoop.yarn.client.api.impl.YarnClientImpl - Submitted application application_1511305203881_0001
2017-11-21 15:00:15,209 [JobControl] INFO  org.apache.hadoop.mapreduce.Job - The url to track the job: http://comet-02-16.ibnet:8088/proxy/application_1511305203881_0001/
2017-11-21 15:00:15,209 [main] INFO  org.apache.pig.backend.hadoop.executionengine.mapReduceLayer.MapReduceLauncher - HadoopJobId: job_1511305203881_0001
2017-11-21 15:00:15,210 [main] INFO  org.apache.pig.backend.hadoop.executionengine.mapReduceLayer.MapReduceLauncher - Processing aliases Multiply,Value1,mat1,mat2
2017-11-21 15:00:15,210 [main] INFO  org.apache.pig.backend.hadoop.executionengine.mapReduceLayer.MapReduceLauncher - detailed locations: M: mat2[2,7],mat2[-1,-1],Value1[4,9],mat1[1,7],mat1[-1,-1],Value1[4,9] C:  R: Value1[4,9],Multiply[6,11]
2017-11-21 15:00:15,215 [main] INFO  org.apache.pig.backend.hadoop.executionengine.mapReduceLayer.MapReduceLauncher - 0% complete
2017-11-21 15:00:15,215 [main] INFO  org.apache.pig.backend.hadoop.executionengine.mapReduceLayer.MapReduceLauncher - Running jobs are [job_1511305203881_0001]
2017-11-21 15:00:24,755 [main] INFO  org.apache.pig.backend.hadoop.executionengine.mapReduceLayer.MapReduceLauncher - 25% complete
2017-11-21 15:00:24,755 [main] INFO  org.apache.pig.backend.hadoop.executionengine.mapReduceLayer.MapReduceLauncher - Running jobs are [job_1511305203881_0001]
2017-11-21 15:00:32,260 [main] INFO  org.apache.pig.backend.hadoop.executionengine.mapReduceLayer.MapReduceLauncher - 50% complete
2017-11-21 15:00:32,260 [main] INFO  org.apache.pig.backend.hadoop.executionengine.mapReduceLayer.MapReduceLauncher - Running jobs are [job_1511305203881_0001]
2017-11-21 15:00:35,264 [main] INFO  org.apache.hadoop.yarn.client.RMProxy - Connecting to ResourceManager at comet-02-16.ibnet/10.22.255.167:8032
2017-11-21 15:00:35,269 [main] INFO  org.apache.hadoop.mapred.ClientServiceDelegate - Application state is completed. FinalApplicationStatus=SUCCEEDED. Redirecting to job history server
2017-11-21 15:00:35,818 [main] INFO  org.apache.hadoop.yarn.client.RMProxy - Connecting to ResourceManager at comet-02-16.ibnet/10.22.255.167:8032
2017-11-21 15:00:35,855 [main] INFO  org.apache.hadoop.mapred.ClientServiceDelegate - Application state is completed. FinalApplicationStatus=SUCCEEDED. Redirecting to job history server
2017-11-21 15:00:35,896 [main] INFO  org.apache.hadoop.yarn.client.RMProxy - Connecting to ResourceManager at comet-02-16.ibnet/10.22.255.167:8032
2017-11-21 15:00:35,898 [main] INFO  org.apache.hadoop.mapred.ClientServiceDelegate - Application state is completed. FinalApplicationStatus=SUCCEEDED. Redirecting to job history server
2017-11-21 15:00:35,938 [main] INFO  org.apache.pig.tools.pigstats.mapreduce.MRScriptState - Pig script settings are added to the job
2017-11-21 15:00:35,939 [main] INFO  org.apache.pig.backend.hadoop.executionengine.mapReduceLayer.JobControlCompiler - mapred.job.reduce.markreset.buffer.percent is not set, set to default 0.3
2017-11-21 15:00:35,939 [main] INFO  org.apache.pig.backend.hadoop.executionengine.mapReduceLayer.JobControlCompiler - Reduce phase detected, estimating # of required reducers.
2017-11-21 15:00:35,939 [main] INFO  org.apache.pig.backend.hadoop.executionengine.mapReduceLayer.JobControlCompiler - Using reducer estimator: org.apache.pig.backend.hadoop.executionengine.mapReduceLayer.InputSizeReducerEstimator
2017-11-21 15:00:35,946 [main] INFO  org.apache.pig.backend.hadoop.executionengine.mapReduceLayer.InputSizeReducerEstimator - BytesPerReducer=1000000000 maxReducers=999 totalInputFileSize=8214315
2017-11-21 15:00:35,946 [main] INFO  org.apache.pig.backend.hadoop.executionengine.mapReduceLayer.JobControlCompiler - Setting Parallelism to 1
2017-11-21 15:00:35,946 [main] INFO  org.apache.pig.backend.hadoop.executionengine.mapReduceLayer.JobControlCompiler - This job cannot be converted run in-process
2017-11-21 15:00:36,004 [main] INFO  org.apache.pig.backend.hadoop.executionengine.mapReduceLayer.JobControlCompiler - Added jar file:/oasis/projects/nsf/uot143/fegaras/pig-0.16.0/pig-0.16.0-core-h2.jar to DistributedCache through /tmp/temp-1994188462/tmp-638246747/pig-0.16.0-core-h2.jar
2017-11-21 15:00:36,019 [main] INFO  org.apache.pig.backend.hadoop.executionengine.mapReduceLayer.JobControlCompiler - Added jar file:/oasis/projects/nsf/uot143/fegaras/pig-0.16.0/lib/automaton-1.11-8.jar to DistributedCache through /tmp/temp-1994188462/tmp105770324/automaton-1.11-8.jar
2017-11-21 15:00:36,033 [main] INFO  org.apache.pig.backend.hadoop.executionengine.mapReduceLayer.JobControlCompiler - Added jar file:/oasis/projects/nsf/uot143/fegaras/pig-0.16.0/lib/antlr-runtime-3.4.jar to DistributedCache through /tmp/temp-1994188462/tmp-772676560/antlr-runtime-3.4.jar
2017-11-21 15:00:36,048 [main] INFO  org.apache.pig.backend.hadoop.executionengine.mapReduceLayer.JobControlCompiler - Added jar file:/oasis/projects/nsf/uot143/fegaras/pig-0.16.0/lib/joda-time-2.9.3.jar to DistributedCache through /tmp/temp-1994188462/tmp1073575455/joda-time-2.9.3.jar
2017-11-21 15:00:36,050 [main] INFO  org.apache.pig.backend.hadoop.executionengine.mapReduceLayer.JobControlCompiler - Setting up single store job
2017-11-21 15:00:36,050 [main] INFO  org.apache.pig.data.SchemaTupleFrontend - Key [pig.schematuple] is false, will not generate code.
2017-11-21 15:00:36,050 [main] INFO  org.apache.pig.data.SchemaTupleFrontend - Starting process to move generated code to distributed cacche
2017-11-21 15:00:36,050 [main] INFO  org.apache.pig.data.SchemaTupleFrontend - Setting key [pig.schematuple.classes] with classes to deserialize []
2017-11-21 15:00:36,065 [main] INFO  org.apache.pig.backend.hadoop.executionengine.mapReduceLayer.MapReduceLauncher - 1 map-reduce job(s) waiting for submission.
2017-11-21 15:00:36,067 [JobControl] INFO  org.apache.hadoop.yarn.client.RMProxy - Connecting to ResourceManager at comet-02-16.ibnet/10.22.255.167:8032
2017-11-21 15:00:36,071 [JobControl] INFO  org.apache.hadoop.conf.Configuration.deprecation - fs.default.name is deprecated. Instead, use fs.defaultFS
2017-11-21 15:00:36,076 [JobControl] WARN  org.apache.hadoop.mapreduce.JobSubmitter - No job jar file set.  User classes may not be found. See Job or Job#setJar(String).
2017-11-21 15:00:36,086 [JobControl] INFO  org.apache.hadoop.mapreduce.lib.input.FileInputFormat - Total input paths to process : 1
2017-11-21 15:00:36,086 [JobControl] INFO  org.apache.pig.backend.hadoop.executionengine.util.MapRedUtil - Total input paths to process : 1
2017-11-21 15:00:36,086 [JobControl] INFO  org.apache.pig.backend.hadoop.executionengine.util.MapRedUtil - Total input paths (combined) to process : 1
2017-11-21 15:00:36,109 [JobControl] INFO  org.apache.hadoop.mapreduce.JobSubmitter - number of splits:1
2017-11-21 15:00:36,129 [JobControl] INFO  org.apache.hadoop.mapreduce.JobSubmitter - Submitting tokens for job: job_1511305203881_0002
2017-11-21 15:00:36,131 [JobControl] INFO  org.apache.hadoop.mapred.YARNRunner - Job jar is not present. Not adding any jar to the list of resources.
2017-11-21 15:00:36,142 [JobControl] INFO  org.apache.hadoop.yarn.client.api.impl.YarnClientImpl - Submitted application application_1511305203881_0002
2017-11-21 15:00:36,144 [JobControl] INFO  org.apache.hadoop.mapreduce.Job - The url to track the job: http://comet-02-16.ibnet:8088/proxy/application_1511305203881_0002/
2017-11-21 15:00:36,566 [main] INFO  org.apache.pig.backend.hadoop.executionengine.mapReduceLayer.MapReduceLauncher - HadoopJobId: job_1511305203881_0002
2017-11-21 15:00:36,566 [main] INFO  org.apache.pig.backend.hadoop.executionengine.mapReduceLayer.MapReduceLauncher - Processing aliases Grp,Result
2017-11-21 15:00:36,566 [main] INFO  org.apache.pig.backend.hadoop.executionengine.mapReduceLayer.MapReduceLauncher - detailed locations: M: Result[10,9],Grp[8,6] C: Result[10,9],Grp[8,6] R: Result[10,9]
2017-11-21 15:00:45,606 [main] INFO  org.apache.pig.backend.hadoop.executionengine.mapReduceLayer.MapReduceLauncher - 75% complete
2017-11-21 15:00:45,606 [main] INFO  org.apache.pig.backend.hadoop.executionengine.mapReduceLayer.MapReduceLauncher - Running jobs are [job_1511305203881_0002]
2017-11-21 15:00:51,610 [main] INFO  org.apache.pig.backend.hadoop.executionengine.mapReduceLayer.MapReduceLauncher - Running jobs are [job_1511305203881_0002]
2017-11-21 15:00:56,616 [main] INFO  org.apache.hadoop.yarn.client.RMProxy - Connecting to ResourceManager at comet-02-16.ibnet/10.22.255.167:8032
2017-11-21 15:00:56,620 [main] INFO  org.apache.hadoop.mapred.ClientServiceDelegate - Application state is completed. FinalApplicationStatus=SUCCEEDED. Redirecting to job history server
2017-11-21 15:00:56,666 [main] INFO  org.apache.hadoop.yarn.client.RMProxy - Connecting to ResourceManager at comet-02-16.ibnet/10.22.255.167:8032
2017-11-21 15:00:56,670 [main] INFO  org.apache.hadoop.mapred.ClientServiceDelegate - Application state is completed. FinalApplicationStatus=SUCCEEDED. Redirecting to job history server
2017-11-21 15:00:56,690 [main] INFO  org.apache.hadoop.yarn.client.RMProxy - Connecting to ResourceManager at comet-02-16.ibnet/10.22.255.167:8032
2017-11-21 15:00:56,693 [main] INFO  org.apache.hadoop.mapred.ClientServiceDelegate - Application state is completed. FinalApplicationStatus=SUCCEEDED. Redirecting to job history server
2017-11-21 15:00:56,712 [main] INFO  org.apache.pig.backend.hadoop.executionengine.mapReduceLayer.MapReduceLauncher - 100% complete
2017-11-21 15:00:56,719 [main] INFO  org.apache.pig.tools.pigstats.mapreduce.SimplePigStats - Script Statistics: 

HadoopVersion	PigVersion	UserId	StartedAt	FinishedAt	Features
2.6.0	0.16.0	sdeshmuk	2017-11-21 15:00:14	2017-11-21 15:00:56	HASH_JOIN,GROUP_BY

Success!

Job Stats (time in seconds):
JobId	Maps	Reduces	MaxMapTime	MinMapTime	AvgMapTime	MedianMapTime	MaxReduceTime	MinReduceTime	AvgReduceTime	MedianReducetime	Alias	Feature	Outputs
job_1511305203881_0001	2	1	2	2	2	2	2	2	2	2	Multiply,Value1,mat1,mat2	HASH_JOIN	
job_1511305203881_0002	1	1	3	3	3	3	3	3	3	3	Grp,Result	GROUP_BY,COMBINER	hdfs://comet-02-16.ibnet:54310/user/sdeshmuk/output,

Input(s):
Successfully read 4957 records from: "hdfs://comet-02-16.ibnet:54310/user/sdeshmuk/M-matrix-large.txt"
Successfully read 7487 records from: "hdfs://comet-02-16.ibnet:54310/user/sdeshmuk/N-matrix-large.txt"

Output(s):
Successfully stored 59889 records (1463712 bytes) in: "hdfs://comet-02-16.ibnet:54310/user/sdeshmuk/output"

Counters:
Total records written : 59889
Total bytes written : 1463712
Spillable Memory Manager spill count : 0
Total bags proactively spilled: 0
Total records proactively spilled: 0

Job DAG:
job_1511305203881_0001	->	job_1511305203881_0002,
job_1511305203881_0002


2017-11-21 15:00:56,719 [main] INFO  org.apache.hadoop.yarn.client.RMProxy - Connecting to ResourceManager at comet-02-16.ibnet/10.22.255.167:8032
2017-11-21 15:00:56,721 [main] INFO  org.apache.hadoop.mapred.ClientServiceDelegate - Application state is completed. FinalApplicationStatus=SUCCEEDED. Redirecting to job history server
2017-11-21 15:00:56,743 [main] INFO  org.apache.hadoop.yarn.client.RMProxy - Connecting to ResourceManager at comet-02-16.ibnet/10.22.255.167:8032
2017-11-21 15:00:56,745 [main] INFO  org.apache.hadoop.mapred.ClientServiceDelegate - Application state is completed. FinalApplicationStatus=SUCCEEDED. Redirecting to job history server
2017-11-21 15:00:56,763 [main] INFO  org.apache.hadoop.yarn.client.RMProxy - Connecting to ResourceManager at comet-02-16.ibnet/10.22.255.167:8032
2017-11-21 15:00:56,765 [main] INFO  org.apache.hadoop.mapred.ClientServiceDelegate - Application state is completed. FinalApplicationStatus=SUCCEEDED. Redirecting to job history server
2017-11-21 15:00:56,785 [main] INFO  org.apache.hadoop.yarn.client.RMProxy - Connecting to ResourceManager at comet-02-16.ibnet/10.22.255.167:8032
2017-11-21 15:00:56,787 [main] INFO  org.apache.hadoop.mapred.ClientServiceDelegate - Application state is completed. FinalApplicationStatus=SUCCEEDED. Redirecting to job history server
2017-11-21 15:00:56,804 [main] INFO  org.apache.hadoop.yarn.client.RMProxy - Connecting to ResourceManager at comet-02-16.ibnet/10.22.255.167:8032
2017-11-21 15:00:56,806 [main] INFO  org.apache.hadoop.mapred.ClientServiceDelegate - Application state is completed. FinalApplicationStatus=SUCCEEDED. Redirecting to job history server
2017-11-21 15:00:56,823 [main] INFO  org.apache.hadoop.yarn.client.RMProxy - Connecting to ResourceManager at comet-02-16.ibnet/10.22.255.167:8032
2017-11-21 15:00:56,825 [main] INFO  org.apache.hadoop.mapred.ClientServiceDelegate - Application state is completed. FinalApplicationStatus=SUCCEEDED. Redirecting to job history server
2017-11-21 15:00:56,842 [main] INFO  org.apache.pig.backend.hadoop.executionengine.mapReduceLayer.MapReduceLauncher - Success!
2017-11-21 15:00:56,858 [main] INFO  org.apache.pig.Main - Pig script completed in 44 seconds and 513 milliseconds (44513 ms)
17/11/21 15:00:57 WARN util.NativeCodeLoader: Unable to load native-hadoop library for your platform... using builtin-java classes where applicable
chown: changing ownership of `/tmp': Operation not permitted
stopping historyserver
stopping yarn daemons
stopping resourcemanager
comet-26-50.ibnet: stopping nodemanager
comet-26-50.ibnet: nodemanager did not stop gracefully after 5 seconds: killing with kill -9
comet-02-16.ibnet: stopping nodemanager
comet-02-16.ibnet: nodemanager did not stop gracefully after 5 seconds: killing with kill -9
comet-07-69.ibnet: stopping nodemanager
comet-07-69.ibnet: nodemanager did not stop gracefully after 5 seconds: killing with kill -9
no proxyserver to stop
17/11/21 15:01:14 WARN util.NativeCodeLoader: Unable to load native-hadoop library for your platform... using builtin-java classes where applicable
Stopping namenodes on [comet-02-16.ibnet]
comet-02-16.ibnet: stopping namenode
comet-26-50.ibnet: stopping datanode
comet-02-16.ibnet: stopping datanode
comet-07-69.ibnet: stopping datanode
Stopping secondary namenodes [comet-02-16.ibnet]
comet-02-16.ibnet: stopping secondarynamenode
17/11/21 15:01:32 WARN util.NativeCodeLoader: Unable to load native-hadoop library for your platform... using builtin-java classes where applicable
Copying Hadoop logs back to /home/sdeshmuk/cometcluster/logs...
`/scratch/sdeshmuk/12738185/logs' -> `/home/sdeshmuk/cometcluster/logs'
`/scratch/sdeshmuk/12738185/logs/hadoop-sdeshmuk-namenode-comet-02-16.sdsc.edu.log' -> `/home/sdeshmuk/cometcluster/logs/hadoop-sdeshmuk-namenode-comet-02-16.sdsc.edu.log'
`/scratch/sdeshmuk/12738185/logs/yarn-sdeshmuk-nodemanager-comet-02-16.sdsc.edu.out' -> `/home/sdeshmuk/cometcluster/logs/yarn-sdeshmuk-nodemanager-comet-02-16.sdsc.edu.out'
`/scratch/sdeshmuk/12738185/logs/yarn-sdeshmuk-resourcemanager-comet-02-16.log' -> `/home/sdeshmuk/cometcluster/logs/yarn-sdeshmuk-resourcemanager-comet-02-16.log'
`/scratch/sdeshmuk/12738185/logs/hadoop-sdeshmuk-secondarynamenode-comet-02-16.sdsc.edu.out' -> `/home/sdeshmuk/cometcluster/logs/hadoop-sdeshmuk-secondarynamenode-comet-02-16.sdsc.edu.out'
`/scratch/sdeshmuk/12738185/logs/userlogs' -> `/home/sdeshmuk/cometcluster/logs/userlogs'
`/scratch/sdeshmuk/12738185/logs/userlogs/application_1511305203881_0002' -> `/home/sdeshmuk/cometcluster/logs/userlogs/application_1511305203881_0002'
`/scratch/sdeshmuk/12738185/logs/userlogs/application_1511305203881_0002/container_1511305203881_0002_01_000003' -> `/home/sdeshmuk/cometcluster/logs/userlogs/application_1511305203881_0002/container_1511305203881_0002_01_000003'
`/scratch/sdeshmuk/12738185/logs/userlogs/application_1511305203881_0002/container_1511305203881_0002_01_000003/stdout' -> `/home/sdeshmuk/cometcluster/logs/userlogs/application_1511305203881_0002/container_1511305203881_0002_01_000003/stdout'
`/scratch/sdeshmuk/12738185/logs/userlogs/application_1511305203881_0002/container_1511305203881_0002_01_000003/syslog' -> `/home/sdeshmuk/cometcluster/logs/userlogs/application_1511305203881_0002/container_1511305203881_0002_01_000003/syslog'
`/scratch/sdeshmuk/12738185/logs/userlogs/application_1511305203881_0002/container_1511305203881_0002_01_000003/stderr' -> `/home/sdeshmuk/cometcluster/logs/userlogs/application_1511305203881_0002/container_1511305203881_0002_01_000003/stderr'
`/scratch/sdeshmuk/12738185/logs/hadoop-sdeshmuk-datanode-comet-02-16.sdsc.edu.log' -> `/home/sdeshmuk/cometcluster/logs/hadoop-sdeshmuk-datanode-comet-02-16.sdsc.edu.log'
`/scratch/sdeshmuk/12738185/logs/SecurityAuth-sdeshmuk.audit' -> `/home/sdeshmuk/cometcluster/logs/SecurityAuth-sdeshmuk.audit'
`/scratch/sdeshmuk/12738185/logs/hadoop-sdeshmuk-datanode-comet-02-16.sdsc.edu.out' -> `/home/sdeshmuk/cometcluster/logs/hadoop-sdeshmuk-datanode-comet-02-16.sdsc.edu.out'
`/scratch/sdeshmuk/12738185/logs/hadoop-sdeshmuk-secondarynamenode-comet-02-16.sdsc.edu.log' -> `/home/sdeshmuk/cometcluster/logs/hadoop-sdeshmuk-secondarynamenode-comet-02-16.sdsc.edu.log'
`/scratch/sdeshmuk/12738185/logs/hadoop-sdeshmuk-namenode-comet-02-16.sdsc.edu.out' -> `/home/sdeshmuk/cometcluster/logs/hadoop-sdeshmuk-namenode-comet-02-16.sdsc.edu.out'
`/scratch/sdeshmuk/12738185/logs/yarn-sdeshmuk-nodemanager-comet-02-16.sdsc.edu.log' -> `/home/sdeshmuk/cometcluster/logs/yarn-sdeshmuk-nodemanager-comet-02-16.sdsc.edu.log'
`/scratch/sdeshmuk/12738185/logs/yarn-sdeshmuk-resourcemanager-comet-02-16.out' -> `/home/sdeshmuk/cometcluster/logs/yarn-sdeshmuk-resourcemanager-comet-02-16.out'
removed directory: `/scratch/sdeshmuk/12738185/mapred_scratch/filecache'
removed directory: `/scratch/sdeshmuk/12738185/mapred_scratch/nmPrivate'
removed `/scratch/sdeshmuk/12738185/mapred_scratch/usercache/sdeshmuk/filecache/11/.tmp_automaton-1.11-8.jar.crc'
removed `/scratch/sdeshmuk/12738185/mapred_scratch/usercache/sdeshmuk/filecache/11/automaton-1.11-8.jar'
removed directory: `/scratch/sdeshmuk/12738185/mapred_scratch/usercache/sdeshmuk/filecache/11'
removed `/scratch/sdeshmuk/12738185/mapred_scratch/usercache/sdeshmuk/filecache/12/joda-time-2.9.3.jar'
removed `/scratch/sdeshmuk/12738185/mapred_scratch/usercache/sdeshmuk/filecache/12/.tmp_joda-time-2.9.3.jar.crc'
removed directory: `/scratch/sdeshmuk/12738185/mapred_scratch/usercache/sdeshmuk/filecache/12'
removed `/scratch/sdeshmuk/12738185/mapred_scratch/usercache/sdeshmuk/filecache/10/pig-0.16.0-core-h2.jar'
removed `/scratch/sdeshmuk/12738185/mapred_scratch/usercache/sdeshmuk/filecache/10/.tmp_pig-0.16.0-core-h2.jar.crc'
removed directory: `/scratch/sdeshmuk/12738185/mapred_scratch/usercache/sdeshmuk/filecache/10'
removed `/scratch/sdeshmuk/12738185/mapred_scratch/usercache/sdeshmuk/filecache/13/.tmp_antlr-runtime-3.4.jar.crc'
removed `/scratch/sdeshmuk/12738185/mapred_scratch/usercache/sdeshmuk/filecache/13/antlr-runtime-3.4.jar'
removed directory: `/scratch/sdeshmuk/12738185/mapred_scratch/usercache/sdeshmuk/filecache/13'
removed directory: `/scratch/sdeshmuk/12738185/mapred_scratch/usercache/sdeshmuk/filecache'
removed directory: `/scratch/sdeshmuk/12738185/mapred_scratch/usercache/sdeshmuk/appcache'
removed directory: `/scratch/sdeshmuk/12738185/mapred_scratch/usercache/sdeshmuk'
removed directory: `/scratch/sdeshmuk/12738185/mapred_scratch/usercache'
removed directory: `/scratch/sdeshmuk/12738185/mapred_scratch'
removed `/scratch/sdeshmuk/12738185/tmp/dfs/namesecondary/current/fsimage_0000000000000000243.md5'
removed `/scratch/sdeshmuk/12738185/tmp/dfs/namesecondary/current/fsimage_0000000000000000000'
removed `/scratch/sdeshmuk/12738185/tmp/dfs/namesecondary/current/VERSION'
removed `/scratch/sdeshmuk/12738185/tmp/dfs/namesecondary/current/fsimage_0000000000000000243'
removed `/scratch/sdeshmuk/12738185/tmp/dfs/namesecondary/current/fsimage_0000000000000000000.md5'
removed `/scratch/sdeshmuk/12738185/tmp/dfs/namesecondary/current/edits_0000000000000000001-0000000000000000243'
removed directory: `/scratch/sdeshmuk/12738185/tmp/dfs/namesecondary/current'
removed directory: `/scratch/sdeshmuk/12738185/tmp/dfs/namesecondary'
removed directory: `/scratch/sdeshmuk/12738185/tmp/dfs'
removed directory: `/scratch/sdeshmuk/12738185/tmp'
removed `/scratch/sdeshmuk/12738185/namenode_data/current/edits_inprogress_0000000000000000244'
removed `/scratch/sdeshmuk/12738185/namenode_data/current/fsimage_0000000000000000243'
removed `/scratch/sdeshmuk/12738185/namenode_data/current/edits_0000000000000000001-0000000000000000243'
removed `/scratch/sdeshmuk/12738185/namenode_data/current/fsimage_0000000000000000000.md5'
removed `/scratch/sdeshmuk/12738185/namenode_data/current/seen_txid'
removed `/scratch/sdeshmuk/12738185/namenode_data/current/fsimage_0000000000000000243.md5'
removed `/scratch/sdeshmuk/12738185/namenode_data/current/VERSION'
removed `/scratch/sdeshmuk/12738185/namenode_data/current/fsimage_0000000000000000000'
removed directory: `/scratch/sdeshmuk/12738185/namenode_data/current'
removed directory: `/scratch/sdeshmuk/12738185/namenode_data'
removed `/scratch/sdeshmuk/12738185/hdfs_data/current/VERSION'
removed `/scratch/sdeshmuk/12738185/hdfs_data/current/BP-1059416048-198.202.118.36-1511305186838/dncp_block_verification.log.curr'
removed directory: `/scratch/sdeshmuk/12738185/hdfs_data/current/BP-1059416048-198.202.118.36-1511305186838/tmp'
removed `/scratch/sdeshmuk/12738185/hdfs_data/current/BP-1059416048-198.202.118.36-1511305186838/dncp_block_verification.log.prev'
removed `/scratch/sdeshmuk/12738185/hdfs_data/current/BP-1059416048-198.202.118.36-1511305186838/current/finalized/subdir0/subdir0/blk_1073741851'
removed `/scratch/sdeshmuk/12738185/hdfs_data/current/BP-1059416048-198.202.118.36-1511305186838/current/finalized/subdir0/subdir0/blk_1073741826'
removed `/scratch/sdeshmuk/12738185/hdfs_data/current/BP-1059416048-198.202.118.36-1511305186838/current/finalized/subdir0/subdir0/blk_1073741852_1028.meta'
removed `/scratch/sdeshmuk/12738185/hdfs_data/current/BP-1059416048-198.202.118.36-1511305186838/current/finalized/subdir0/subdir0/blk_1073741825_1001.meta'
removed `/scratch/sdeshmuk/12738185/hdfs_data/current/BP-1059416048-198.202.118.36-1511305186838/current/finalized/subdir0/subdir0/blk_1073741838'
removed `/scratch/sdeshmuk/12738185/hdfs_data/current/BP-1059416048-198.202.118.36-1511305186838/current/finalized/subdir0/subdir0/blk_1073741825'
removed `/scratch/sdeshmuk/12738185/hdfs_data/current/BP-1059416048-198.202.118.36-1511305186838/current/finalized/subdir0/subdir0/blk_1073741852'
removed `/scratch/sdeshmuk/12738185/hdfs_data/current/BP-1059416048-198.202.118.36-1511305186838/current/finalized/subdir0/subdir0/blk_1073741839'
removed `/scratch/sdeshmuk/12738185/hdfs_data/current/BP-1059416048-198.202.118.36-1511305186838/current/finalized/subdir0/subdir0/blk_1073741839_1015.meta'
removed `/scratch/sdeshmuk/12738185/hdfs_data/current/BP-1059416048-198.202.118.36-1511305186838/current/finalized/subdir0/subdir0/blk_1073741826_1002.meta'
removed `/scratch/sdeshmuk/12738185/hdfs_data/current/BP-1059416048-198.202.118.36-1511305186838/current/finalized/subdir0/subdir0/blk_1073741851_1027.meta'
removed `/scratch/sdeshmuk/12738185/hdfs_data/current/BP-1059416048-198.202.118.36-1511305186838/current/finalized/subdir0/subdir0/blk_1073741849'
removed `/scratch/sdeshmuk/12738185/hdfs_data/current/BP-1059416048-198.202.118.36-1511305186838/current/finalized/subdir0/subdir0/blk_1073741849_1025.meta'
removed `/scratch/sdeshmuk/12738185/hdfs_data/current/BP-1059416048-198.202.118.36-1511305186838/current/finalized/subdir0/subdir0/blk_1073741838_1014.meta'
removed directory: `/scratch/sdeshmuk/12738185/hdfs_data/current/BP-1059416048-198.202.118.36-1511305186838/current/finalized/subdir0/subdir0'
removed directory: `/scratch/sdeshmuk/12738185/hdfs_data/current/BP-1059416048-198.202.118.36-1511305186838/current/finalized/subdir0'
removed directory: `/scratch/sdeshmuk/12738185/hdfs_data/current/BP-1059416048-198.202.118.36-1511305186838/current/finalized'
removed directory: `/scratch/sdeshmuk/12738185/hdfs_data/current/BP-1059416048-198.202.118.36-1511305186838/current/rbw'
removed `/scratch/sdeshmuk/12738185/hdfs_data/current/BP-1059416048-198.202.118.36-1511305186838/current/VERSION'
removed `/scratch/sdeshmuk/12738185/hdfs_data/current/BP-1059416048-198.202.118.36-1511305186838/current/dfsUsed'
removed directory: `/scratch/sdeshmuk/12738185/hdfs_data/current/BP-1059416048-198.202.118.36-1511305186838/current'
removed directory: `/scratch/sdeshmuk/12738185/hdfs_data/current/BP-1059416048-198.202.118.36-1511305186838'
removed directory: `/scratch/sdeshmuk/12738185/hdfs_data/current'
removed directory: `/scratch/sdeshmuk/12738185/hdfs_data'
removed directory: `/scratch/sdeshmuk/12738185/pids'
removed `/scratch/sdeshmuk/12738185/logs/hadoop-sdeshmuk-namenode-comet-02-16.sdsc.edu.log'
removed `/scratch/sdeshmuk/12738185/logs/yarn-sdeshmuk-nodemanager-comet-02-16.sdsc.edu.out'
removed `/scratch/sdeshmuk/12738185/logs/yarn-sdeshmuk-resourcemanager-comet-02-16.log'
removed `/scratch/sdeshmuk/12738185/logs/hadoop-sdeshmuk-secondarynamenode-comet-02-16.sdsc.edu.out'
removed `/scratch/sdeshmuk/12738185/logs/userlogs/application_1511305203881_0002/container_1511305203881_0002_01_000003/stdout'
removed `/scratch/sdeshmuk/12738185/logs/userlogs/application_1511305203881_0002/container_1511305203881_0002_01_000003/syslog'
removed `/scratch/sdeshmuk/12738185/logs/userlogs/application_1511305203881_0002/container_1511305203881_0002_01_000003/stderr'
removed directory: `/scratch/sdeshmuk/12738185/logs/userlogs/application_1511305203881_0002/container_1511305203881_0002_01_000003'
removed directory: `/scratch/sdeshmuk/12738185/logs/userlogs/application_1511305203881_0002'
removed directory: `/scratch/sdeshmuk/12738185/logs/userlogs'
removed `/scratch/sdeshmuk/12738185/logs/hadoop-sdeshmuk-datanode-comet-02-16.sdsc.edu.log'
removed `/scratch/sdeshmuk/12738185/logs/SecurityAuth-sdeshmuk.audit'
removed `/scratch/sdeshmuk/12738185/logs/hadoop-sdeshmuk-datanode-comet-02-16.sdsc.edu.out'
removed `/scratch/sdeshmuk/12738185/logs/hadoop-sdeshmuk-secondarynamenode-comet-02-16.sdsc.edu.log'
removed `/scratch/sdeshmuk/12738185/logs/hadoop-sdeshmuk-namenode-comet-02-16.sdsc.edu.out'
removed `/scratch/sdeshmuk/12738185/logs/yarn-sdeshmuk-nodemanager-comet-02-16.sdsc.edu.log'
removed `/scratch/sdeshmuk/12738185/logs/yarn-sdeshmuk-resourcemanager-comet-02-16.out'
removed directory: `/scratch/sdeshmuk/12738185/logs'
removed directory: `/scratch/sdeshmuk/12738185/mapred_scratch/nmPrivate'
removed directory: `/scratch/sdeshmuk/12738185/mapred_scratch/usercache/sdeshmuk/appcache'
removed `/scratch/sdeshmuk/12738185/mapred_scratch/usercache/sdeshmuk/filecache/14/pig-0.16.0-core-h2.jar'
removed `/scratch/sdeshmuk/12738185/mapred_scratch/usercache/sdeshmuk/filecache/14/.tmp_pig-0.16.0-core-h2.jar.crc'
removed directory: `/scratch/sdeshmuk/12738185/mapred_scratch/usercache/sdeshmuk/filecache/14'
removed `/scratch/sdeshmuk/12738185/mapred_scratch/usercache/sdeshmuk/filecache/13/.tmp_antlr-runtime-3.4.jar.crc'
removed `/scratch/sdeshmuk/12738185/mapred_scratch/usercache/sdeshmuk/filecache/13/antlr-runtime-3.4.jar'
removed directory: `/scratch/sdeshmuk/12738185/mapred_scratch/usercache/sdeshmuk/filecache/13'
removed `/scratch/sdeshmuk/12738185/mapred_scratch/usercache/sdeshmuk/filecache/17/antlr-runtime-3.4.jar'
removed `/scratch/sdeshmuk/12738185/mapred_scratch/usercache/sdeshmuk/filecache/17/.tmp_antlr-runtime-3.4.jar.crc'
removed directory: `/scratch/sdeshmuk/12738185/mapred_scratch/usercache/sdeshmuk/filecache/17'
removed `/scratch/sdeshmuk/12738185/mapred_scratch/usercache/sdeshmuk/filecache/10/pig-0.16.0-core-h2.jar'
removed `/scratch/sdeshmuk/12738185/mapred_scratch/usercache/sdeshmuk/filecache/10/.tmp_pig-0.16.0-core-h2.jar.crc'
removed directory: `/scratch/sdeshmuk/12738185/mapred_scratch/usercache/sdeshmuk/filecache/10'
removed `/scratch/sdeshmuk/12738185/mapred_scratch/usercache/sdeshmuk/filecache/12/.tmp_joda-time-2.9.3.jar.crc'
removed `/scratch/sdeshmuk/12738185/mapred_scratch/usercache/sdeshmuk/filecache/12/joda-time-2.9.3.jar'
removed directory: `/scratch/sdeshmuk/12738185/mapred_scratch/usercache/sdeshmuk/filecache/12'
removed `/scratch/sdeshmuk/12738185/mapred_scratch/usercache/sdeshmuk/filecache/15/.tmp_automaton-1.11-8.jar.crc'
removed `/scratch/sdeshmuk/12738185/mapred_scratch/usercache/sdeshmuk/filecache/15/automaton-1.11-8.jar'
removed directory: `/scratch/sdeshmuk/12738185/mapred_scratch/usercache/sdeshmuk/filecache/15'
removed `/scratch/sdeshmuk/12738185/mapred_scratch/usercache/sdeshmuk/filecache/11/.tmp_automaton-1.11-8.jar.crc'
removed `/scratch/sdeshmuk/12738185/mapred_scratch/usercache/sdeshmuk/filecache/11/automaton-1.11-8.jar'
removed directory: `/scratch/sdeshmuk/12738185/mapred_scratch/usercache/sdeshmuk/filecache/11'
removed `/scratch/sdeshmuk/12738185/mapred_scratch/usercache/sdeshmuk/filecache/16/.tmp_joda-time-2.9.3.jar.crc'
removed `/scratch/sdeshmuk/12738185/mapred_scratch/usercache/sdeshmuk/filecache/16/joda-time-2.9.3.jar'
removed directory: `/scratch/sdeshmuk/12738185/mapred_scratch/usercache/sdeshmuk/filecache/16'
removed directory: `/scratch/sdeshmuk/12738185/mapred_scratch/usercache/sdeshmuk/filecache'
removed directory: `/scratch/sdeshmuk/12738185/mapred_scratch/usercache/sdeshmuk'
removed directory: `/scratch/sdeshmuk/12738185/mapred_scratch/usercache'
removed directory: `/scratch/sdeshmuk/12738185/mapred_scratch/filecache'
removed directory: `/scratch/sdeshmuk/12738185/mapred_scratch'
removed `/scratch/sdeshmuk/12738185/hdfs_data/current/VERSION'
removed `/scratch/sdeshmuk/12738185/hdfs_data/current/BP-1059416048-198.202.118.36-1511305186838/current/VERSION'
removed `/scratch/sdeshmuk/12738185/hdfs_data/current/BP-1059416048-198.202.118.36-1511305186838/current/dfsUsed'
removed directory: `/scratch/sdeshmuk/12738185/hdfs_data/current/BP-1059416048-198.202.118.36-1511305186838/current/rbw'
removed `/scratch/sdeshmuk/12738185/hdfs_data/current/BP-1059416048-198.202.118.36-1511305186838/current/finalized/subdir0/subdir0/blk_1073741849_1025.meta'
removed `/scratch/sdeshmuk/12738185/hdfs_data/current/BP-1059416048-198.202.118.36-1511305186838/current/finalized/subdir0/subdir0/blk_1073741838_1014.meta'
removed `/scratch/sdeshmuk/12738185/hdfs_data/current/BP-1059416048-198.202.118.36-1511305186838/current/finalized/subdir0/subdir0/blk_1073741839_1015.meta'
removed `/scratch/sdeshmuk/12738185/hdfs_data/current/BP-1059416048-198.202.118.36-1511305186838/current/finalized/subdir0/subdir0/blk_1073741826_1002.meta'
removed `/scratch/sdeshmuk/12738185/hdfs_data/current/BP-1059416048-198.202.118.36-1511305186838/current/finalized/subdir0/subdir0/blk_1073741849'
removed `/scratch/sdeshmuk/12738185/hdfs_data/current/BP-1059416048-198.202.118.36-1511305186838/current/finalized/subdir0/subdir0/blk_1073741839'
removed `/scratch/sdeshmuk/12738185/hdfs_data/current/BP-1059416048-198.202.118.36-1511305186838/current/finalized/subdir0/subdir0/blk_1073741851_1027.meta'
removed `/scratch/sdeshmuk/12738185/hdfs_data/current/BP-1059416048-198.202.118.36-1511305186838/current/finalized/subdir0/subdir0/blk_1073741852'
removed `/scratch/sdeshmuk/12738185/hdfs_data/current/BP-1059416048-198.202.118.36-1511305186838/current/finalized/subdir0/subdir0/blk_1073741825'
removed `/scratch/sdeshmuk/12738185/hdfs_data/current/BP-1059416048-198.202.118.36-1511305186838/current/finalized/subdir0/subdir0/blk_1073741838'
removed `/scratch/sdeshmuk/12738185/hdfs_data/current/BP-1059416048-198.202.118.36-1511305186838/current/finalized/subdir0/subdir0/blk_1073741826'
removed `/scratch/sdeshmuk/12738185/hdfs_data/current/BP-1059416048-198.202.118.36-1511305186838/current/finalized/subdir0/subdir0/blk_1073741851'
removed `/scratch/sdeshmuk/12738185/hdfs_data/current/BP-1059416048-198.202.118.36-1511305186838/current/finalized/subdir0/subdir0/blk_1073741825_1001.meta'
removed `/scratch/sdeshmuk/12738185/hdfs_data/current/BP-1059416048-198.202.118.36-1511305186838/current/finalized/subdir0/subdir0/blk_1073741852_1028.meta'
removed directory: `/scratch/sdeshmuk/12738185/hdfs_data/current/BP-1059416048-198.202.118.36-1511305186838/current/finalized/subdir0/subdir0'
removed directory: `/scratch/sdeshmuk/12738185/hdfs_data/current/BP-1059416048-198.202.118.36-1511305186838/current/finalized/subdir0'
removed directory: `/scratch/sdeshmuk/12738185/hdfs_data/current/BP-1059416048-198.202.118.36-1511305186838/current/finalized'
removed directory: `/scratch/sdeshmuk/12738185/hdfs_data/current/BP-1059416048-198.202.118.36-1511305186838/current'
removed directory: `/scratch/sdeshmuk/12738185/hdfs_data/current/BP-1059416048-198.202.118.36-1511305186838/tmp'
removed `/scratch/sdeshmuk/12738185/hdfs_data/current/BP-1059416048-198.202.118.36-1511305186838/dncp_block_verification.log.curr'
removed `/scratch/sdeshmuk/12738185/hdfs_data/current/BP-1059416048-198.202.118.36-1511305186838/dncp_block_verification.log.prev'
removed directory: `/scratch/sdeshmuk/12738185/hdfs_data/current/BP-1059416048-198.202.118.36-1511305186838'
removed directory: `/scratch/sdeshmuk/12738185/hdfs_data/current'
removed directory: `/scratch/sdeshmuk/12738185/hdfs_data'
removed directory: `/scratch/sdeshmuk/12738185/pids'
removed `/scratch/sdeshmuk/12738185/logs/userlogs/application_1511305203881_0002/container_1511305203881_0002_01_000002/stderr'
removed `/scratch/sdeshmuk/12738185/logs/userlogs/application_1511305203881_0002/container_1511305203881_0002_01_000002/stdout'
removed `/scratch/sdeshmuk/12738185/logs/userlogs/application_1511305203881_0002/container_1511305203881_0002_01_000002/syslog'
removed directory: `/scratch/sdeshmuk/12738185/logs/userlogs/application_1511305203881_0002/container_1511305203881_0002_01_000002'
removed `/scratch/sdeshmuk/12738185/logs/userlogs/application_1511305203881_0002/container_1511305203881_0002_01_000001/stderr'
removed `/scratch/sdeshmuk/12738185/logs/userlogs/application_1511305203881_0002/container_1511305203881_0002_01_000001/syslog'
removed `/scratch/sdeshmuk/12738185/logs/userlogs/application_1511305203881_0002/container_1511305203881_0002_01_000001/stdout'
removed directory: `/scratch/sdeshmuk/12738185/logs/userlogs/application_1511305203881_0002/container_1511305203881_0002_01_000001'
removed directory: `/scratch/sdeshmuk/12738185/logs/userlogs/application_1511305203881_0002'
removed `/scratch/sdeshmuk/12738185/logs/userlogs/application_1511305203881_0001/container_1511305203881_0001_01_000003/stderr'
removed `/scratch/sdeshmuk/12738185/logs/userlogs/application_1511305203881_0001/container_1511305203881_0001_01_000003/stdout'
removed `/scratch/sdeshmuk/12738185/logs/userlogs/application_1511305203881_0001/container_1511305203881_0001_01_000003/syslog'
removed directory: `/scratch/sdeshmuk/12738185/logs/userlogs/application_1511305203881_0001/container_1511305203881_0001_01_000003'
removed `/scratch/sdeshmuk/12738185/logs/userlogs/application_1511305203881_0001/container_1511305203881_0001_01_000004/syslog'
removed `/scratch/sdeshmuk/12738185/logs/userlogs/application_1511305203881_0001/container_1511305203881_0001_01_000004/stdout'
removed `/scratch/sdeshmuk/12738185/logs/userlogs/application_1511305203881_0001/container_1511305203881_0001_01_000004/stderr'
removed directory: `/scratch/sdeshmuk/12738185/logs/userlogs/application_1511305203881_0001/container_1511305203881_0001_01_000004'
removed `/scratch/sdeshmuk/12738185/logs/userlogs/application_1511305203881_0001/container_1511305203881_0001_01_000002/stdout'
removed `/scratch/sdeshmuk/12738185/logs/userlogs/application_1511305203881_0001/container_1511305203881_0001_01_000002/syslog'
removed `/scratch/sdeshmuk/12738185/logs/userlogs/application_1511305203881_0001/container_1511305203881_0001_01_000002/stderr'
removed directory: `/scratch/sdeshmuk/12738185/logs/userlogs/application_1511305203881_0001/container_1511305203881_0001_01_000002'
removed directory: `/scratch/sdeshmuk/12738185/logs/userlogs/application_1511305203881_0001'
removed directory: `/scratch/sdeshmuk/12738185/logs/userlogs'
removed `/scratch/sdeshmuk/12738185/logs/SecurityAuth-sdeshmuk.audit'
removed `/scratch/sdeshmuk/12738185/logs/yarn-sdeshmuk-nodemanager-comet-07-69.sdsc.edu.log'
removed `/scratch/sdeshmuk/12738185/logs/hadoop-sdeshmuk-datanode-comet-07-69.sdsc.edu.log'
removed `/scratch/sdeshmuk/12738185/logs/hadoop-sdeshmuk-datanode-comet-07-69.sdsc.edu.out'
removed `/scratch/sdeshmuk/12738185/logs/yarn-sdeshmuk-nodemanager-comet-07-69.sdsc.edu.out'
removed directory: `/scratch/sdeshmuk/12738185/logs'
removed directory: `/scratch/sdeshmuk/12738185/mapred_scratch/nmPrivate'
removed directory: `/scratch/sdeshmuk/12738185/mapred_scratch/usercache/sdeshmuk/appcache'
removed `/scratch/sdeshmuk/12738185/mapred_scratch/usercache/sdeshmuk/filecache/13/.tmp_antlr-runtime-3.4.jar.crc'
removed `/scratch/sdeshmuk/12738185/mapred_scratch/usercache/sdeshmuk/filecache/13/antlr-runtime-3.4.jar'
removed directory: `/scratch/sdeshmuk/12738185/mapred_scratch/usercache/sdeshmuk/filecache/13'
removed `/scratch/sdeshmuk/12738185/mapred_scratch/usercache/sdeshmuk/filecache/10/pig-0.16.0-core-h2.jar'
removed `/scratch/sdeshmuk/12738185/mapred_scratch/usercache/sdeshmuk/filecache/10/.tmp_pig-0.16.0-core-h2.jar.crc'
removed directory: `/scratch/sdeshmuk/12738185/mapred_scratch/usercache/sdeshmuk/filecache/10'
removed `/scratch/sdeshmuk/12738185/mapred_scratch/usercache/sdeshmuk/filecache/12/.tmp_joda-time-2.9.3.jar.crc'
removed `/scratch/sdeshmuk/12738185/mapred_scratch/usercache/sdeshmuk/filecache/12/joda-time-2.9.3.jar'
removed directory: `/scratch/sdeshmuk/12738185/mapred_scratch/usercache/sdeshmuk/filecache/12'
removed `/scratch/sdeshmuk/12738185/mapred_scratch/usercache/sdeshmuk/filecache/11/automaton-1.11-8.jar'
removed `/scratch/sdeshmuk/12738185/mapred_scratch/usercache/sdeshmuk/filecache/11/.tmp_automaton-1.11-8.jar.crc'
removed directory: `/scratch/sdeshmuk/12738185/mapred_scratch/usercache/sdeshmuk/filecache/11'
removed directory: `/scratch/sdeshmuk/12738185/mapred_scratch/usercache/sdeshmuk/filecache'
removed directory: `/scratch/sdeshmuk/12738185/mapred_scratch/usercache/sdeshmuk'
removed directory: `/scratch/sdeshmuk/12738185/mapred_scratch/usercache'
removed directory: `/scratch/sdeshmuk/12738185/mapred_scratch/filecache'
removed directory: `/scratch/sdeshmuk/12738185/mapred_scratch'
removed `/scratch/sdeshmuk/12738185/hdfs_data/current/BP-1059416048-198.202.118.36-1511305186838/dncp_block_verification.log.curr'
removed `/scratch/sdeshmuk/12738185/hdfs_data/current/BP-1059416048-198.202.118.36-1511305186838/dncp_block_verification.log.prev'
removed directory: `/scratch/sdeshmuk/12738185/hdfs_data/current/BP-1059416048-198.202.118.36-1511305186838/current/rbw'
removed `/scratch/sdeshmuk/12738185/hdfs_data/current/BP-1059416048-198.202.118.36-1511305186838/current/finalized/subdir0/subdir0/blk_1073741852'
removed `/scratch/sdeshmuk/12738185/hdfs_data/current/BP-1059416048-198.202.118.36-1511305186838/current/finalized/subdir0/subdir0/blk_1073741825'
removed `/scratch/sdeshmuk/12738185/hdfs_data/current/BP-1059416048-198.202.118.36-1511305186838/current/finalized/subdir0/subdir0/blk_1073741849_1025.meta'
removed `/scratch/sdeshmuk/12738185/hdfs_data/current/BP-1059416048-198.202.118.36-1511305186838/current/finalized/subdir0/subdir0/blk_1073741838_1014.meta'
removed `/scratch/sdeshmuk/12738185/hdfs_data/current/BP-1059416048-198.202.118.36-1511305186838/current/finalized/subdir0/subdir0/blk_1073741839_1015.meta'
removed `/scratch/sdeshmuk/12738185/hdfs_data/current/BP-1059416048-198.202.118.36-1511305186838/current/finalized/subdir0/subdir0/blk_1073741826_1002.meta'
removed `/scratch/sdeshmuk/12738185/hdfs_data/current/BP-1059416048-198.202.118.36-1511305186838/current/finalized/subdir0/subdir0/blk_1073741826'
removed `/scratch/sdeshmuk/12738185/hdfs_data/current/BP-1059416048-198.202.118.36-1511305186838/current/finalized/subdir0/subdir0/blk_1073741851'
removed `/scratch/sdeshmuk/12738185/hdfs_data/current/BP-1059416048-198.202.118.36-1511305186838/current/finalized/subdir0/subdir0/blk_1073741851_1027.meta'
removed `/scratch/sdeshmuk/12738185/hdfs_data/current/BP-1059416048-198.202.118.36-1511305186838/current/finalized/subdir0/subdir0/blk_1073741838'
removed `/scratch/sdeshmuk/12738185/hdfs_data/current/BP-1059416048-198.202.118.36-1511305186838/current/finalized/subdir0/subdir0/blk_1073741839'
removed `/scratch/sdeshmuk/12738185/hdfs_data/current/BP-1059416048-198.202.118.36-1511305186838/current/finalized/subdir0/subdir0/blk_1073741852_1028.meta'
removed `/scratch/sdeshmuk/12738185/hdfs_data/current/BP-1059416048-198.202.118.36-1511305186838/current/finalized/subdir0/subdir0/blk_1073741825_1001.meta'
removed `/scratch/sdeshmuk/12738185/hdfs_data/current/BP-1059416048-198.202.118.36-1511305186838/current/finalized/subdir0/subdir0/blk_1073741849'
removed directory: `/scratch/sdeshmuk/12738185/hdfs_data/current/BP-1059416048-198.202.118.36-1511305186838/current/finalized/subdir0/subdir0'
removed directory: `/scratch/sdeshmuk/12738185/hdfs_data/current/BP-1059416048-198.202.118.36-1511305186838/current/finalized/subdir0'
removed directory: `/scratch/sdeshmuk/12738185/hdfs_data/current/BP-1059416048-198.202.118.36-1511305186838/current/finalized'
removed `/scratch/sdeshmuk/12738185/hdfs_data/current/BP-1059416048-198.202.118.36-1511305186838/current/dfsUsed'
removed `/scratch/sdeshmuk/12738185/hdfs_data/current/BP-1059416048-198.202.118.36-1511305186838/current/VERSION'
removed directory: `/scratch/sdeshmuk/12738185/hdfs_data/current/BP-1059416048-198.202.118.36-1511305186838/current'
removed directory: `/scratch/sdeshmuk/12738185/hdfs_data/current/BP-1059416048-198.202.118.36-1511305186838/tmp'
removed directory: `/scratch/sdeshmuk/12738185/hdfs_data/current/BP-1059416048-198.202.118.36-1511305186838'
removed `/scratch/sdeshmuk/12738185/hdfs_data/current/VERSION'
removed directory: `/scratch/sdeshmuk/12738185/hdfs_data/current'
removed directory: `/scratch/sdeshmuk/12738185/hdfs_data'
removed directory: `/scratch/sdeshmuk/12738185/pids'
removed `/scratch/sdeshmuk/12738185/logs/hadoop-sdeshmuk-datanode-comet-26-50.sdsc.edu.out'
removed `/scratch/sdeshmuk/12738185/logs/SecurityAuth-sdeshmuk.audit'
removed `/scratch/sdeshmuk/12738185/logs/yarn-sdeshmuk-nodemanager-comet-26-50.sdsc.edu.out'
removed `/scratch/sdeshmuk/12738185/logs/userlogs/application_1511305203881_0001/container_1511305203881_0001_01_000001/syslog'
removed `/scratch/sdeshmuk/12738185/logs/userlogs/application_1511305203881_0001/container_1511305203881_0001_01_000001/stdout'
removed `/scratch/sdeshmuk/12738185/logs/userlogs/application_1511305203881_0001/container_1511305203881_0001_01_000001/stderr'
removed directory: `/scratch/sdeshmuk/12738185/logs/userlogs/application_1511305203881_0001/container_1511305203881_0001_01_000001'
removed directory: `/scratch/sdeshmuk/12738185/logs/userlogs/application_1511305203881_0001'
removed directory: `/scratch/sdeshmuk/12738185/logs/userlogs'
removed `/scratch/sdeshmuk/12738185/logs/yarn-sdeshmuk-nodemanager-comet-26-50.sdsc.edu.log'
removed `/scratch/sdeshmuk/12738185/logs/hadoop-sdeshmuk-datanode-comet-26-50.sdsc.edu.log'
removed directory: `/scratch/sdeshmuk/12738185/logs'
removed directory: `/tmp/Jetty_comet.02.16_ibnet_50090_secondary____.i27e0q/.active'
removed directory: `/tmp/Jetty_comet.02.16_ibnet_50090_secondary____.i27e0q/jsp'
removed directory: `/tmp/Jetty_comet.02.16_ibnet_50090_secondary____.i27e0q'
removed directory: `/tmp/Jetty_0_0_0_0_50070_hdfs____w2cu08/.active'
removed directory: `/tmp/Jetty_0_0_0_0_50070_hdfs____w2cu08/jsp'
removed directory: `/tmp/Jetty_0_0_0_0_50070_hdfs____w2cu08'
removed directory: `/tmp/Jetty_0_0_0_0_50075_datanode____hwtdwq_902267166346995112/.active'
removed directory: `/tmp/Jetty_0_0_0_0_50075_datanode____hwtdwq_902267166346995112/jsp'
removed directory: `/tmp/Jetty_0_0_0_0_50075_datanode____hwtdwq_902267166346995112'
